2026-01-27 03:20:22 | INFO     | co2_forecast | Logging to: outputs\runs\run_20260127_0320\logs\run_20260127_0320.log
2026-01-27 03:20:22 | INFO     | co2_forecast | ============================================================
2026-01-27 03:20:22 | INFO     | co2_forecast | Script 00: Make Dataset
2026-01-27 03:20:22 | INFO     | co2_forecast | ============================================================
2026-01-27 03:20:22 | INFO     | co2_forecast | Run ID: run_20260127_0320
2026-01-27 03:20:22 | INFO     | co2_forecast | Input: data 1999-2025Q1.xlsx
2026-01-27 03:20:22 | INFO     | co2_forecast | ----------------------------------------
2026-01-27 03:20:22 | INFO     | co2_forecast | Step 1: Loading raw data...
2026-01-27 03:20:22 | INFO     | co2_forecast | Loading data from: data 1999-2025Q1.xlsx
2026-01-27 03:20:23 | INFO     | co2_forecast | Loaded sheet: Sheet1 (header row: 2)
2026-01-27 03:20:23 | INFO     | co2_forecast | Loaded 105 rows, 9 columns
2026-01-27 03:20:23 | INFO     | co2_forecast | Columns: ['Time_Period', 'CO2e', 'GDP', 'Population', 'Air_Temp', 'Rainfall', 'TEC', 'CEI', 'COVID_Deaths']
2026-01-27 03:20:23 | WARNING  | co2_forecast | Some expected features not found: ['GDP_growth', 'Industrial_Production', 'GDP_per_capita', 'Consumption', 'Investment']...
2026-01-27 03:20:23 | WARNING  | co2_forecast | Additional columns found: ['Air_Temp', 'Rainfall', 'TEC', 'CEI', 'COVID_Deaths']...
2026-01-27 03:20:23 | INFO     | co2_forecast | Date range: 1999-01-01 00:00:00 to 2025-01-01 00:00:00
2026-01-27 03:20:23 | INFO     | co2_forecast | Target column: CO2e
2026-01-27 03:20:23 | INFO     | co2_forecast | Data prepared: 105 rows, 8 columns
2026-01-27 03:20:23 | INFO     | co2_forecast | Loaded 105 rows, 8 columns
2026-01-27 03:20:23 | INFO     | co2_forecast | ----------------------------------------
2026-01-27 03:20:23 | INFO     | co2_forecast | Step 2: Data quality audit...
2026-01-27 03:20:23 | INFO     | co2_forecast | Generating data quality report...
2026-01-27 03:20:23 | INFO     | co2_forecast | Quality report saved to: outputs\runs\run_20260127_0320\tables
2026-01-27 03:20:23 | INFO     | co2_forecast | Quality report saved to outputs\runs\run_20260127_0320\tables
2026-01-27 03:20:23 | INFO     | co2_forecast | ----------------------------------------
2026-01-27 03:20:23 | INFO     | co2_forecast | Step 3: Cleaning data...
2026-01-27 03:20:23 | INFO     | co2_forecast | Cleaning complete. Shape: (105, 8)
2026-01-27 03:20:23 | INFO     | co2_forecast | Cleaned data: 105 rows, 8 columns
2026-01-27 03:20:23 | INFO     | co2_forecast | ----------------------------------------
2026-01-27 03:20:23 | INFO     | co2_forecast | Step 4: Feature engineering...
2026-01-27 03:20:23 | INFO     | co2_forecast | Starting feature engineering...
2026-01-27 03:20:23 | INFO     | co2_forecast | Applied log transform to target. Range: 11.3635 to 12.1308
2026-01-27 03:20:23 | INFO     | co2_forecast | Created 4 lag features
2026-01-27 03:20:23 | INFO     | co2_forecast | Created quarter dummy features (Q2, Q3, Q4)
2026-01-27 03:20:23 | INFO     | co2_forecast | Created COVID dummy (2020Q1 to 2021Q4)
2026-01-27 03:20:23 | INFO     | co2_forecast | Created Energy Crisis dummy (2022Q1 to 2023Q4)
2026-01-27 03:20:23 | INFO     | co2_forecast | Feature engineering complete. Total features: 16
2026-01-27 03:20:23 | INFO     | co2_forecast | Features: 16 columns, 101 valid rows
2026-01-27 03:20:23 | INFO     | co2_forecast | ----------------------------------------
2026-01-27 03:20:23 | INFO     | co2_forecast | Step 5: Creating walk-forward CV splits...
2026-01-27 03:20:23 | INFO     | co2_forecast | Creating walk-forward splits for 101 valid samples
2026-01-27 03:20:23 | INFO     | co2_forecast | Created 44 CV folds across horizons [1, 2, 4]
2026-01-27 03:20:23 | INFO     | co2_forecast | Created 44 CV folds
2026-01-27 03:20:23 | INFO     | co2_forecast | ============================================================
2026-01-27 03:20:23 | INFO     | co2_forecast | Dataset creation complete!
2026-01-27 03:20:23 | INFO     | co2_forecast |   Raw data: 105 rows
2026-01-27 03:20:23 | INFO     | co2_forecast |   Clean data: 105 rows
2026-01-27 03:20:23 | INFO     | co2_forecast |   Features: 16 columns
2026-01-27 03:20:23 | INFO     | co2_forecast |   Valid samples: 101
2026-01-27 03:20:23 | INFO     | co2_forecast |   CV folds: 44
2026-01-27 03:20:23 | INFO     | co2_forecast |   Outputs saved to: outputs\runs\run_20260127_0320
2026-01-27 03:20:23 | INFO     | co2_forecast | ============================================================
2026-01-27 03:20:54 | INFO     | co2_forecast | Logging to: outputs\runs\run_20260127_0320\logs\run_20260127_0320.log
2026-01-27 03:20:54 | INFO     | co2_forecast | ============================================================
2026-01-27 03:20:54 | INFO     | co2_forecast | Script 01: Run Feature Selection
2026-01-27 03:20:54 | INFO     | co2_forecast | ============================================================
2026-01-27 03:20:54 | INFO     | co2_forecast | Loading processed data...
2026-01-27 03:20:55 | INFO     | co2_forecast | Loaded: 101 samples, 16 features
2026-01-27 03:20:55 | INFO     | co2_forecast | ----------------------------------------
2026-01-27 03:20:55 | INFO     | co2_forecast | Running all feature selection methods...
2026-01-27 03:20:55 | INFO     | co2_forecast | Running all feature selection options...
2026-01-27 03:20:55 | INFO     | co2_forecast | ==================================================
2026-01-27 03:20:55 | INFO     | co2_forecast | Running linear feature selection (FS_linear)...
2026-01-27 03:20:55 | INFO     | co2_forecast | Iteration 0: Removed 'CEI' (VIF=130.82)
2026-01-27 03:20:55 | INFO     | co2_forecast | Iteration 1: Removed 'Q3' (VIF=59.88)
2026-01-27 03:20:55 | INFO     | co2_forecast | Iteration 2: Removed 'TEC' (VIF=59.26)
2026-01-27 03:20:55 | INFO     | co2_forecast | Iteration 3: Removed 'CO2e_lag3' (VIF=40.88)
2026-01-27 03:20:55 | INFO     | co2_forecast | Iteration 4: Removed 'CO2e_lag1' (VIF=31.89)
2026-01-27 03:20:55 | INFO     | co2_forecast | Iteration 5: Removed 'Population' (VIF=22.71)
2026-01-27 03:20:55 | INFO     | co2_forecast | Iteration 6: Removed 'CO2e_lag2' (VIF=10.19)
2026-01-27 03:20:55 | INFO     | co2_forecast | VIF filter: 16 -> 9 features
2026-01-27 03:20:56 | INFO     | co2_forecast | Ridge stability: Selected 3 features (stability >= 0.6)
2026-01-27 03:20:56 | INFO     | co2_forecast | ElasticNet stability: Selected 0 features (stability >= 0.6)
2026-01-27 03:20:56 | INFO     | co2_forecast | FS_linear final: 3 features selected
2026-01-27 03:20:56 | INFO     | co2_forecast | ==================================================
2026-01-27 03:20:56 | INFO     | co2_forecast | Running nonlinear feature selection (FS_nonlinear)...
2026-01-27 03:21:08 | INFO     | co2_forecast | RF importance: Selected 6 features
2026-01-27 03:21:08 | WARNING  | co2_forecast | LightGBM not installed, skipping LightGBM importance
2026-01-27 03:21:08 | WARNING  | co2_forecast | CatBoost not installed, skipping CatBoost importance
2026-01-27 03:21:08 | INFO     | co2_forecast | FS_nonlinear final: 6 features selected
2026-01-27 03:21:08 | INFO     | co2_forecast | ==================================================
2026-01-27 03:21:08 | INFO     | co2_forecast | Running consensus feature selection (FS_consensus)...
2026-01-27 03:21:08 | INFO     | co2_forecast | Vote-based selection: 3 features with >= 2 votes
2026-01-27 03:21:19 | INFO     | co2_forecast | Stability-based selection: 10 features with stability >= 0.6
2026-01-27 03:21:19 | INFO     | co2_forecast | FS_consensus final: 3 features selected
2026-01-27 03:21:19 | INFO     | co2_forecast | ============================================================
2026-01-27 03:21:19 | INFO     | co2_forecast | Feature Selection Complete!
2026-01-27 03:21:19 | INFO     | co2_forecast |   fs_linear: 3 features
2026-01-27 03:21:19 | INFO     | co2_forecast |   fs_nonlinear: 6 features
2026-01-27 03:21:19 | INFO     | co2_forecast |   fs_consensus: 3 features
2026-01-27 03:21:19 | INFO     | co2_forecast | Results saved to: outputs\runs\run_20260127_0320\tables
2026-01-27 03:21:19 | INFO     | co2_forecast | ============================================================
